#
# There is insufficient memory for the Java Runtime Environment to continue.
# Native memory allocation (mmap) failed to map 65536 bytes for Failed to commit metaspace.
# Possible reasons:
#   The system is out of physical RAM or swap space
#   The process is running with CompressedOops enabled, and the Java Heap may be blocking the growth of the native heap
# Possible solutions:
#   Reduce memory load on the system
#   Increase physical memory or swap space
#   Check if swap backing store is full
#   Decrease Java heap size (-Xmx/-Xms)
#   Decrease number of Java threads
#   Decrease Java thread stack sizes (-Xss)
#   Set larger code cache with -XX:ReservedCodeCacheSize=
#   JVM is running with Unscaled Compressed Oops mode in which the Java heap is
#     placed in the first 4GB address space. The Java Heap base address is the
#     maximum limit for the native heap growth. Please use -XX:HeapBaseMinAddress
#     to set the Java Heap base and to place the Java Heap above 4GB virtual address.
# This output file may be truncated or incomplete.
#
#  Out of Memory Error (virtualSpaceNode.cpp:110), pid=10084, tid=55016
#
# JRE version: OpenJDK Runtime Environment Temurin-17.0.1+12 (17.0.1+12) (build 17.0.1+12)
# Java VM: OpenJDK 64-Bit Server VM Temurin-17.0.1+12 (17.0.1+12, mixed mode, tiered, compressed oops, compressed class ptrs, g1 gc, windows-amd64)
# No core dump will be written. Minidumps are not enabled by default on client versions of Windows
#

---------------  S U M M A R Y ------------

Command Line: -ea -Dfile.encoding=Cp1252 -XX:+ShowCodeDetailsInExceptionMessages org.testng.remote.RemoteTestNG -serport 50810 -protocol json -d E:\eclipse workspace\java_1\freetrialproject\test-output C:\Users\HIMANT~1\AppData\Local\Temp\testng-eclipse-1035568396\testng-customsuite.xml

Host: Intel(R) Core(TM) i3-7020U CPU @ 2.30GHz, 4 cores, 3G,  Windows 10 , 64 bit Build 19041 (10.0.19041.1645)
Time: Tue May 17 18:03:46 2022 India Standard Time elapsed time: 0.735849 seconds (0d 0h 0m 0s)

---------------  T H R E A D  ---------------

Current thread (0x00000219f3725600):  JavaThread "main" [_thread_in_vm, id=55016, stack(0x0000004055e00000,0x0000004055f00000)]

Stack: [0x0000004055e00000,0x0000004055f00000]
Native frames: (J=compiled Java code, j=interpreted, Vv=VM code, C=native code)
V  [jvm.dll+0x6744da]
V  [jvm.dll+0x82e144]
V  [jvm.dll+0x82f8ee]
V  [jvm.dll+0x82ff53]
V  [jvm.dll+0x245175]
V  [jvm.dll+0x82a0eb]
V  [jvm.dll+0x619566]
V  [jvm.dll+0x1bff1e]
V  [jvm.dll+0x61beb1]
V  [jvm.dll+0x619f06]
V  [jvm.dll+0x36ada2]
V  [jvm.dll+0x1e1aeb]
V  [jvm.dll+0x53b179]
V  [jvm.dll+0x1f0a57]
V  [jvm.dll+0x7a87ab]
V  [jvm.dll+0x7a9b52]
V  [jvm.dll+0x7a9e88]
V  [jvm.dll+0x23d45e]
V  [jvm.dll+0x37e5ae]
C  0x000002198001b6e4

Java frames: (J=compiled Java code, j=interpreted, Vv=VM code)
j  java.security.BasicPermission.newPermissionCollection()Ljava/security/PermissionCollection;+0 java.base@17.0.1
j  java.security.Permissions.createPermissionCollection(Ljava/security/Permission;Z)Ljava/security/PermissionCollection;+65 java.base@17.0.1
j  java.security.Permissions.getPermissionCollection(Ljava/security/Permission;Z)Ljava/security/PermissionCollection;+35 java.base@17.0.1
j  java.security.Permissions.add(Ljava/security/Permission;)V+20 java.base@17.0.1
j  sun.security.util.LazyCodeSourcePermissionCollection.add(Ljava/security/Permission;)V+22 java.base@17.0.1
j  jdk.internal.loader.ClassLoaders$AppClassLoader.getPermissions(Ljava/security/CodeSource;)Ljava/security/PermissionCollection;+16 java.base@17.0.1
j  java.security.SecureClassLoader$1.apply(Ljava/security/SecureClassLoader$CodeSourceKey;)Ljava/security/ProtectionDomain;+8 java.base@17.0.1
j  java.security.SecureClassLoader$1.apply(Ljava/lang/Object;)Ljava/lang/Object;+5 java.base@17.0.1
j  java.util.concurrent.ConcurrentHashMap.computeIfAbsent(Ljava/lang/Object;Ljava/util/function/Function;)Ljava/lang/Object;+115 java.base@17.0.1
j  java.security.SecureClassLoader.getProtectionDomain(Ljava/security/CodeSource;)Ljava/security/ProtectionDomain;+29 java.base@17.0.1
j  java.security.SecureClassLoader.defineClass(Ljava/lang/String;[BIILjava/security/CodeSource;)Ljava/lang/Class;+9 java.base@17.0.1
j  jdk.internal.loader.BuiltinClassLoader.defineClass(Ljava/lang/String;Ljdk/internal/loader/Resource;)Ljava/lang/Class;+117 java.base@17.0.1
j  jdk.internal.loader.BuiltinClassLoader.findClassOnClassPathOrNull(Ljava/lang/String;)Ljava/lang/Class;+37 java.base@17.0.1
j  jdk.internal.loader.BuiltinClassLoader.loadClassOrNull(Ljava/lang/String;Z)Ljava/lang/Class;+111 java.base@17.0.1
j  jdk.internal.loader.BuiltinClassLoader.loadClass(Ljava/lang/String;Z)Ljava/lang/Class;+3 java.base@17.0.1
j  jdk.internal.loader.ClassLoaders$AppClassLoader.loadClass(Ljava/lang/String;Z)Ljava/lang/Class;+36 java.base@17.0.1
j  java.lang.ClassLoader.loadClass(Ljava/lang/String;)Ljava/lang/Class;+3 java.base@17.0.1
v  ~StubRoutines::call_stub
j  java.lang.Class.forName0(Ljava/lang/String;ZLjava/lang/ClassLoader;Ljava/lang/Class;)Ljava/lang/Class;+0 java.base@17.0.1
j  java.lang.Class.forName(Ljava/lang/String;ZLjava/lang/ClassLoader;)Ljava/lang/Class;+43 java.base@17.0.1
j  sun.launcher.LauncherHelper.loadMainClass(ILjava/lang/String;)Ljava/lang/Class;+95 java.base@17.0.1
j  sun.launcher.LauncherHelper.checkAndLoadMain(ZILjava/lang/String;)Ljava/lang/Class;+42 java.base@17.0.1
v  ~StubRoutines::call_stub

---------------  P R O C E S S  ---------------

Threads class SMR info:
_java_thread_list=0x00000219fe20cd60, length=12, elements={
0x00000219f3725600, 0x00000219fd6e0a30, 0x00000219fd6e42d0, 0x00000219fd707200,
0x00000219fd708dc0, 0x00000219fd70c7c0, 0x00000219fd74d180, 0x00000219fd74df10,
0x00000219fe11afe0, 0x00000219fe12dc80, 0x00000219fe215790, 0x00000219fe22d010
}

Java Threads: ( => current thread )
=>0x00000219f3725600 JavaThread "main" [_thread_in_vm, id=55016, stack(0x0000004055e00000,0x0000004055f00000)]
  0x00000219fd6e0a30 JavaThread "Reference Handler" daemon [_thread_blocked, id=58352, stack(0x0000004056500000,0x0000004056600000)]
  0x00000219fd6e42d0 JavaThread "Finalizer" daemon [_thread_blocked, id=52156, stack(0x0000004056600000,0x0000004056700000)]
  0x00000219fd707200 JavaThread "Signal Dispatcher" daemon [_thread_blocked, id=61036, stack(0x0000004056700000,0x0000004056800000)]
  0x00000219fd708dc0 JavaThread "Attach Listener" daemon [_thread_blocked, id=43268, stack(0x0000004056800000,0x0000004056900000)]
  0x00000219fd70c7c0 JavaThread "Service Thread" daemon [_thread_blocked, id=58536, stack(0x0000004056900000,0x0000004056a00000)]
  0x00000219fd74d180 JavaThread "Monitor Deflation Thread" daemon [_thread_blocked, id=49996, stack(0x0000004056a00000,0x0000004056b00000)]
  0x00000219fd74df10 JavaThread "C2 CompilerThread0" daemon [_thread_blocked, id=60040, stack(0x0000004056b00000,0x0000004056c00000)]
  0x00000219fe11afe0 JavaThread "C1 CompilerThread0" daemon [_thread_blocked, id=8544, stack(0x0000004056c00000,0x0000004056d00000)]
  0x00000219fe12dc80 JavaThread "Sweeper thread" daemon [_thread_blocked, id=56140, stack(0x0000004056d00000,0x0000004056e00000)]
  0x00000219fe215790 JavaThread "Notification Thread" daemon [_thread_blocked, id=40636, stack(0x0000004056e00000,0x0000004056f00000)]
  0x00000219fe22d010 JavaThread "Common-Cleaner" daemon [_thread_blocked, id=45088, stack(0x0000004057000000,0x0000004057100000)]

Other Threads:
  0x00000219f37d7810 VMThread "VM Thread" [stack: 0x0000004056400000,0x0000004056500000] [id=47896]
  0x00000219fe217c70 WatcherThread [stack: 0x0000004056f00000,0x0000004057000000] [id=63024]
  0x00000219f37526c0 GCTaskThread "GC Thread#0" [stack: 0x0000004055f00000,0x0000004056000000] [id=52084]
  0x00000219f375c350 ConcurrentGCThread "G1 Main Marker" [stack: 0x0000004056000000,0x0000004056100000] [id=62392]
  0x00000219f375cd60 ConcurrentGCThread "G1 Conc#0" [stack: 0x0000004056100000,0x0000004056200000] [id=62384]
  0x00000219f37ace40 ConcurrentGCThread "G1 Refine#0" [stack: 0x0000004056200000,0x0000004056300000] [id=51676]
  0x00000219f37ad860 ConcurrentGCThread "G1 Service" [stack: 0x0000004056300000,0x0000004056400000] [id=56372]

Threads with active compile tasks:

VM state: not at safepoint (normal execution)

VM Mutex/Monitor currently owned by a thread:  ([mutex/lock_event])
[0x00000219f371f2f0] Metaspace_lock - owner thread: 0x00000219f3725600

Heap address: 0x00000000c1600000, size: 1002 MB, Compressed Oops mode: 32-bit

CDS archive(s) not mapped
Compressed class space mapped at: 0x0000000100000000-0x0000000140000000, reserved size: 1073741824
Narrow klass base: 0x0000000000000000, Narrow klass shift: 3, Narrow klass range: 0x140000000

GC Precious Log:
 CPUs: 4 total, 4 available
 Memory: 4007M
 Large Page Support: Disabled
 NUMA Support: Disabled
 Compressed Oops: Enabled (32-bit)
 Heap Region Size: 1M
 Heap Min Capacity: 8M
 Heap Initial Capacity: 64M
 Heap Max Capacity: 1002M
 Pre-touch: Disabled
 Parallel Workers: 4
 Concurrent Workers: 1
 Concurrent Refinement Workers: 4
 Periodic GC: Disabled

Heap:
 garbage-first heap   total 65536K, used 1024K [0x00000000c1600000, 0x0000000100000000)
  region size 1024K, 2 young (2048K), 0 survivors (0K)
 Metaspace       used 4607K, committed 4608K, reserved 1056768K
  class space    used 383K, committed 384K, reserved 1048576K

Heap Regions: E=young(eden), S=young(survivor), O=old, HS=humongous(starts), HC=humongous(continues), CS=collection set, F=free, OA=open archive, CA=closed archive, TAMS=top-at-mark-start (previous, next)
|   0|0x00000000c1600000, 0x00000000c1600000, 0x00000000c1700000|  0%| F|  |TAMS 0x00000000c1600000, 0x00000000c1600000| Untracked 
|   1|0x00000000c1700000, 0x00000000c1700000, 0x00000000c1800000|  0%| F|  |TAMS 0x00000000c1700000, 0x00000000c1700000| Untracked 
|   2|0x00000000c1800000, 0x00000000c1800000, 0x00000000c1900000|  0%| F|  |TAMS 0x00000000c1800000, 0x00000000c1800000| Untracked 
|   3|0x00000000c1900000, 0x00000000c1900000, 0x00000000c1a00000|  0%| F|  |TAMS 0x00000000c1900000, 0x00000000c1900000| Untracked 
|   4|0x00000000c1a00000, 0x00000000c1a00000, 0x00000000c1b00000|  0%| F|  |TAMS 0x00000000c1a00000, 0x00000000c1a00000| Untracked 
|   5|0x00000000c1b00000, 0x00000000c1b00000, 0x00000000c1c00000|  0%| F|  |TAMS 0x00000000c1b00000, 0x00000000c1b00000| Untracked 
|   6|0x00000000c1c00000, 0x00000000c1c00000, 0x00000000c1d00000|  0%| F|  |TAMS 0x00000000c1c00000, 0x00000000c1c00000| Untracked 
|   7|0x00000000c1d00000, 0x00000000c1d00000, 0x00000000c1e00000|  0%| F|  |TAMS 0x00000000c1d00000, 0x00000000c1d00000| Untracked 
|   8|0x00000000c1e00000, 0x00000000c1e00000, 0x00000000c1f00000|  0%| F|  |TAMS 0x00000000c1e00000, 0x00000000c1e00000| Untracked 
|   9|0x00000000c1f00000, 0x00000000c1f00000, 0x00000000c2000000|  0%| F|  |TAMS 0x00000000c1f00000, 0x00000000c1f00000| Untracked 
|  10|0x00000000c2000000, 0x00000000c2000000, 0x00000000c2100000|  0%| F|  |TAMS 0x00000000c2000000, 0x00000000c2000000| Untracked 
|  11|0x00000000c2100000, 0x00000000c2100000, 0x00000000c2200000|  0%| F|  |TAMS 0x00000000c2100000, 0x00000000c2100000| Untracked 
|  12|0x00000000c2200000, 0x00000000c2200000, 0x00000000c2300000|  0%| F|  |TAMS 0x00000000c2200000, 0x00000000c2200000| Untracked 
|  13|0x00000000c2300000, 0x00000000c2300000, 0x00000000c2400000|  0%| F|  |TAMS 0x00000000c2300000, 0x00000000c2300000| Untracked 
|  14|0x00000000c2400000, 0x00000000c2400000, 0x00000000c2500000|  0%| F|  |TAMS 0x00000000c2400000, 0x00000000c2400000| Untracked 
|  15|0x00000000c2500000, 0x00000000c2500000, 0x00000000c2600000|  0%| F|  |TAMS 0x00000000c2500000, 0x00000000c2500000| Untracked 
|  16|0x00000000c2600000, 0x00000000c2600000, 0x00000000c2700000|  0%| F|  |TAMS 0x00000000c2600000, 0x00000000c2600000| Untracked 
|  17|0x00000000c2700000, 0x00000000c2700000, 0x00000000c2800000|  0%| F|  |TAMS 0x00000000c2700000, 0x00000000c2700000| Untracked 
|  18|0x00000000c2800000, 0x00000000c2800000, 0x00000000c2900000|  0%| F|  |TAMS 0x00000000c2800000, 0x00000000c2800000| Untracked 
|  19|0x00000000c2900000, 0x00000000c2900000, 0x00000000c2a00000|  0%| F|  |TAMS 0x00000000c2900000, 0x00000000c2900000| Untracked 
|  20|0x00000000c2a00000, 0x00000000c2a00000, 0x00000000c2b00000|  0%| F|  |TAMS 0x00000000c2a00000, 0x00000000c2a00000| Untracked 
|  21|0x00000000c2b00000, 0x00000000c2b00000, 0x00000000c2c00000|  0%| F|  |TAMS 0x00000000c2b00000, 0x00000000c2b00000| Untracked 
|  22|0x00000000c2c00000, 0x00000000c2c00000, 0x00000000c2d00000|  0%| F|  |TAMS 0x00000000c2c00000, 0x00000000c2c00000| Untracked 
|  23|0x00000000c2d00000, 0x00000000c2d00000, 0x00000000c2e00000|  0%| F|  |TAMS 0x00000000c2d00000, 0x00000000c2d00000| Untracked 
|  24|0x00000000c2e00000, 0x00000000c2e00000, 0x00000000c2f00000|  0%| F|  |TAMS 0x00000000c2e00000, 0x00000000c2e00000| Untracked 
|  25|0x00000000c2f00000, 0x00000000c2f00000, 0x00000000c3000000|  0%| F|  |TAMS 0x00000000c2f00000, 0x00000000c2f00000| Untracked 
|  26|0x00000000c3000000, 0x00000000c3000000, 0x00000000c3100000|  0%| F|  |TAMS 0x00000000c3000000, 0x00000000c3000000| Untracked 
|  27|0x00000000c3100000, 0x00000000c3100000, 0x00000000c3200000|  0%| F|  |TAMS 0x00000000c3100000, 0x00000000c3100000| Untracked 
|  28|0x00000000c3200000, 0x00000000c3200000, 0x00000000c3300000|  0%| F|  |TAMS 0x00000000c3200000, 0x00000000c3200000| Untracked 
|  29|0x00000000c3300000, 0x00000000c3300000, 0x00000000c3400000|  0%| F|  |TAMS 0x00000000c3300000, 0x00000000c3300000| Untracked 
|  30|0x00000000c3400000, 0x00000000c3400000, 0x00000000c3500000|  0%| F|  |TAMS 0x00000000c3400000, 0x00000000c3400000| Untracked 
|  31|0x00000000c3500000, 0x00000000c3500000, 0x00000000c3600000|  0%| F|  |TAMS 0x00000000c3500000, 0x00000000c3500000| Untracked 
|  32|0x00000000c3600000, 0x00000000c3600000, 0x00000000c3700000|  0%| F|  |TAMS 0x00000000c3600000, 0x00000000c3600000| Untracked 
|  33|0x00000000c3700000, 0x00000000c3700000, 0x00000000c3800000|  0%| F|  |TAMS 0x00000000c3700000, 0x00000000c3700000| Untracked 
|  34|0x00000000c3800000, 0x00000000c3800000, 0x00000000c3900000|  0%| F|  |TAMS 0x00000000c3800000, 0x00000000c3800000| Untracked 
|  35|0x00000000c3900000, 0x00000000c3900000, 0x00000000c3a00000|  0%| F|  |TAMS 0x00000000c3900000, 0x00000000c3900000| Untracked 
|  36|0x00000000c3a00000, 0x00000000c3a00000, 0x00000000c3b00000|  0%| F|  |TAMS 0x00000000c3a00000, 0x00000000c3a00000| Untracked 
|  37|0x00000000c3b00000, 0x00000000c3b00000, 0x00000000c3c00000|  0%| F|  |TAMS 0x00000000c3b00000, 0x00000000c3b00000| Untracked 
|  38|0x00000000c3c00000, 0x00000000c3c00000, 0x00000000c3d00000|  0%| F|  |TAMS 0x00000000c3c00000, 0x00000000c3c00000| Untracked 
|  39|0x00000000c3d00000, 0x00000000c3d00000, 0x00000000c3e00000|  0%| F|  |TAMS 0x00000000c3d00000, 0x00000000c3d00000| Untracked 
|  40|0x00000000c3e00000, 0x00000000c3e00000, 0x00000000c3f00000|  0%| F|  |TAMS 0x00000000c3e00000, 0x00000000c3e00000| Untracked 
|  41|0x00000000c3f00000, 0x00000000c3f00000, 0x00000000c4000000|  0%| F|  |TAMS 0x00000000c3f00000, 0x00000000c3f00000| Untracked 
|  42|0x00000000c4000000, 0x00000000c4000000, 0x00000000c4100000|  0%| F|  |TAMS 0x00000000c4000000, 0x00000000c4000000| Untracked 
|  43|0x00000000c4100000, 0x00000000c4100000, 0x00000000c4200000|  0%| F|  |TAMS 0x00000000c4100000, 0x00000000c4100000| Untracked 
|  44|0x00000000c4200000, 0x00000000c4200000, 0x00000000c4300000|  0%| F|  |TAMS 0x00000000c4200000, 0x00000000c4200000| Untracked 
|  45|0x00000000c4300000, 0x00000000c4300000, 0x00000000c4400000|  0%| F|  |TAMS 0x00000000c4300000, 0x00000000c4300000| Untracked 
|  46|0x00000000c4400000, 0x00000000c4400000, 0x00000000c4500000|  0%| F|  |TAMS 0x00000000c4400000, 0x00000000c4400000| Untracked 
|  47|0x00000000c4500000, 0x00000000c4500000, 0x00000000c4600000|  0%| F|  |TAMS 0x00000000c4500000, 0x00000000c4500000| Untracked 
|  48|0x00000000c4600000, 0x00000000c4600000, 0x00000000c4700000|  0%| F|  |TAMS 0x00000000c4600000, 0x00000000c4600000| Untracked 
|  49|0x00000000c4700000, 0x00000000c4700000, 0x00000000c4800000|  0%| F|  |TAMS 0x00000000c4700000, 0x00000000c4700000| Untracked 
|  50|0x00000000c4800000, 0x00000000c4800000, 0x00000000c4900000|  0%| F|  |TAMS 0x00000000c4800000, 0x00000000c4800000| Untracked 
|  51|0x00000000c4900000, 0x00000000c4900000, 0x00000000c4a00000|  0%| F|  |TAMS 0x00000000c4900000, 0x00000000c4900000| Untracked 
|  52|0x00000000c4a00000, 0x00000000c4a00000, 0x00000000c4b00000|  0%| F|  |TAMS 0x00000000c4a00000, 0x00000000c4a00000| Untracked 
|  53|0x00000000c4b00000, 0x00000000c4b00000, 0x00000000c4c00000|  0%| F|  |TAMS 0x00000000c4b00000, 0x00000000c4b00000| Untracked 
|  54|0x00000000c4c00000, 0x00000000c4c00000, 0x00000000c4d00000|  0%| F|  |TAMS 0x00000000c4c00000, 0x00000000c4c00000| Untracked 
|  55|0x00000000c4d00000, 0x00000000c4d00000, 0x00000000c4e00000|  0%| F|  |TAMS 0x00000000c4d00000, 0x00000000c4d00000| Untracked 
|  56|0x00000000c4e00000, 0x00000000c4e00000, 0x00000000c4f00000|  0%| F|  |TAMS 0x00000000c4e00000, 0x00000000c4e00000| Untracked 
|  57|0x00000000c4f00000, 0x00000000c4f00000, 0x00000000c5000000|  0%| F|  |TAMS 0x00000000c4f00000, 0x00000000c4f00000| Untracked 
|  58|0x00000000c5000000, 0x00000000c5000000, 0x00000000c5100000|  0%| F|  |TAMS 0x00000000c5000000, 0x00000000c5000000| Untracked 
|  59|0x00000000c5100000, 0x00000000c5100000, 0x00000000c5200000|  0%| F|  |TAMS 0x00000000c5100000, 0x00000000c5100000| Untracked 
|  60|0x00000000c5200000, 0x00000000c5200000, 0x00000000c5300000|  0%| F|  |TAMS 0x00000000c5200000, 0x00000000c5200000| Untracked 
|  61|0x00000000c5300000, 0x00000000c5300000, 0x00000000c5400000|  0%| F|  |TAMS 0x00000000c5300000, 0x00000000c5300000| Untracked 
|  62|0x00000000c5400000, 0x00000000c5443140, 0x00000000c5500000| 26%| E|  |TAMS 0x00000000c5400000, 0x00000000c5400000| Complete 
|  63|0x00000000c5500000, 0x00000000c5600000, 0x00000000c5600000|100%| E|CS|TAMS 0x00000000c5500000, 0x00000000c5500000| Complete 

Card table byte_map: [0x00000219f8dd0000,0x00000219f8fd0000] _byte_map_base: 0x00000219f87c5000

Marking Bits (Prev, Next): (CMBitMap*) 0x00000219f3753ce0, (CMBitMap*) 0x00000219f3753d20
 Prev Bits: [0x00000219f91d0000, 0x00000219fa178000)
 Next Bits: [0x00000219fa180000, 0x00000219fb128000)

Polling page: 0x00000219f8580000

Metaspace:

Usage:
  Non-class:      4.12 MB used.
      Class:    383.71 KB used.
       Both:      4.50 MB used.

Virtual space:
  Non-class space:        8.00 MB reserved,       4.12 MB ( 52%) committed,  1 nodes.
      Class space:        1.00 GB reserved,     384.00 KB ( <1%) committed,  1 nodes.
             Both:        1.01 GB reserved,       4.50 MB ( <1%) committed. 

Chunk freelists:
   Non-Class:  3.00 MB
       Class:  3.56 MB
        Both:  6.56 MB

MaxMetaspaceSize: unlimited
CompressedClassSpaceSize: 1.00 GB
Initial GC threshold: 21.00 MB
Current GC threshold: 21.00 MB
CDS: off
MetaspaceReclaimPolicy: balanced
 - commit_granule_bytes: 65536.
 - commit_granule_words: 8192.
 - virtual_space_node_default_size: 1048576.
 - enlarge_chunks_in_place: 1.
 - new_chunks_are_fully_committed: 0.
 - uncommit_free_chunks: 1.
 - use_allocation_guard: 0.
 - handle_deallocations: 1.


Internal statistics:

num_allocs_failed_limit: 0.
num_arena_births: 2.
num_arena_deaths: 0.
num_vsnodes_births: 2.
num_vsnodes_deaths: 0.
num_space_committed: 72.
num_space_uncommitted: 0.
num_chunks_returned_to_freelist: 0.
num_chunks_taken_from_freelist: 5.
num_chunk_merges: 0.
num_chunk_splits: 2.
num_chunks_enlarged: 0.
num_purges: 0.
num_inconsistent_stats: 0.

CodeHeap 'non-profiled nmethods': size=120000Kb used=15Kb max_used=15Kb free=119984Kb
 bounds [0x0000021987ad0000, 0x0000021987d40000, 0x000002198f000000]
CodeHeap 'profiled nmethods': size=120000Kb used=127Kb max_used=127Kb free=119872Kb
 bounds [0x00000219805a0000, 0x0000021980810000, 0x0000021987ad0000]
CodeHeap 'non-nmethods': size=5760Kb used=1056Kb max_used=1061Kb free=4703Kb
 bounds [0x0000021980000000, 0x0000021980270000, 0x00000219805a0000]
 total_blobs=409 nmethods=92 adapters=230
 compilation: enabled
              stopped_count=0, restarted_count=0
 full_count=0

Compilation events (20 events):
Event: 0.642 Thread 0x00000219fd74df10   83       4       java.lang.String::charAt (25 bytes)
Event: 0.644 Thread 0x00000219fd74df10 nmethod 83 0x0000021987ad3610 code [0x0000021987ad37a0, 0x0000021987ad3888]
Event: 0.649 Thread 0x00000219fe11afe0   84       3       java.lang.String::<init> (15 bytes)
Event: 0.650 Thread 0x00000219fe11afe0 nmethod 84 0x00000219805bbb10 code [0x00000219805bbca0, 0x00000219805bbe58]
Event: 0.667 Thread 0x00000219fe11afe0   85       3       java.util.zip.ZipUtils::SH (21 bytes)
Event: 0.667 Thread 0x00000219fe11afe0 nmethod 85 0x00000219805bbf10 code [0x00000219805bc0a0, 0x00000219805bc1f8]
Event: 0.667 Thread 0x00000219fe11afe0   86       3       java.util.zip.ZipCoder$UTF8ZipCoder::checkedHash (91 bytes)
Event: 0.668 Thread 0x00000219fe11afe0 nmethod 86 0x00000219805bc310 code [0x00000219805bc500, 0x00000219805bc918]
Event: 0.668 Thread 0x00000219fe11afe0   87       1       java.util.zip.ZipCoder$UTF8ZipCoder::isUTF8 (2 bytes)
Event: 0.668 Thread 0x00000219fe11afe0 nmethod 87 0x0000021987ad3990 code [0x0000021987ad3b20, 0x0000021987ad3bf8]
Event: 0.668 Thread 0x00000219fd74df10   88       4       java.util.zip.ZipUtils::SH (21 bytes)
Event: 0.668 Thread 0x00000219fe11afe0   89       3       java.util.zip.ZipUtils::LG (22 bytes)
Event: 0.669 Thread 0x00000219fe11afe0 nmethod 89 0x00000219805bcb10 code [0x00000219805bccc0, 0x00000219805bcf38]
Event: 0.669 Thread 0x00000219fe11afe0   90   !   3       java.util.zip.ZipFile$Source::checkAndAddEntry (209 bytes)
Event: 0.669 Thread 0x00000219fd74df10 nmethod 88 0x0000021987ad3c90 code [0x0000021987ad3e00, 0x0000021987ad3eb8]
Event: 0.671 Thread 0x00000219fe11afe0 nmethod 90 0x00000219805bd090 code [0x00000219805bd400, 0x00000219805be7a8]
Event: 0.671 Thread 0x00000219fe11afe0   91       3       java.util.zip.ZipUtils::CENSIG (8 bytes)
Event: 0.671 Thread 0x00000219fe11afe0 nmethod 91 0x00000219805bf310 code [0x00000219805bf4c0, 0x00000219805bf798]
Event: 0.678 Thread 0x00000219fe11afe0   92       3       java.util.HashMap::put (13 bytes)
Event: 0.678 Thread 0x00000219fe11afe0 nmethod 92 0x00000219805bf910 code [0x00000219805bfac0, 0x00000219805bfdb8]

GC Heap History (0 events):
No events

Deoptimization events (0 events):
No events

Classes unloaded (0 events):
No events

Classes redefined (0 events):
No events

Internal exceptions (0 events):
No events

VM Operations (2 events):
Event: 0.677 Executing VM operation: HandshakeAllThreads
Event: 0.677 Executing VM operation: HandshakeAllThreads done

Events (20 events):
Event: 0.679 loading class sun/nio/ByteBuffered done
Event: 0.680 loading class java/util/zip/CRC32
Event: 0.680 loading class java/util/zip/Checksum
Event: 0.680 loading class java/util/zip/Checksum done
Event: 0.680 loading class java/util/zip/CRC32 done
Event: 0.680 loading class java/util/zip/Checksum$1
Event: 0.680 loading class java/util/zip/Checksum$1 done
Event: 0.682 loading class java/security/SecureClassLoader$CodeSourceKey
Event: 0.682 loading class java/security/SecureClassLoader$CodeSourceKey done
Event: 0.682 loading class java/security/SecureClassLoader$1
Event: 0.682 loading class java/security/SecureClassLoader$1 done
Event: 0.683 loading class sun/security/util/LazyCodeSourcePermissionCollection
Event: 0.683 loading class java/security/PermissionCollection
Event: 0.683 loading class java/security/PermissionCollection done
Event: 0.683 loading class sun/security/util/LazyCodeSourcePermissionCollection done
Event: 0.683 loading class java/security/Permissions
Event: 0.683 loading class java/security/Permissions done
Event: 0.683 loading class java/lang/RuntimePermission
Event: 0.683 loading class java/lang/RuntimePermission done
Event: 0.683 loading class java/security/BasicPermissionCollection


Dynamic libraries:
0x00007ff627140000 - 0x00007ff62714e000 	C:\Users\Himanth Reddy\Desktop\java\eclipse\plugins\org.eclipse.justj.openjdk.hotspot.jre.full.win32.x86_64_17.0.1.v20211116-1657\jre\bin\javaw.exe
0x00007ffa09e90000 - 0x00007ffa0a085000 	C:\WINDOWS\SYSTEM32\ntdll.dll
0x00007ffa08e20000 - 0x00007ffa08ede000 	C:\WINDOWS\System32\KERNEL32.DLL
0x00007ffa075b0000 - 0x00007ffa07878000 	C:\WINDOWS\System32\KERNELBASE.dll
0x00007ffa07c60000 - 0x00007ffa07d60000 	C:\WINDOWS\System32\ucrtbase.dll
0x00007ff9fef00000 - 0x00007ff9fef19000 	C:\Users\Himanth Reddy\Desktop\java\eclipse\plugins\org.eclipse.justj.openjdk.hotspot.jre.full.win32.x86_64_17.0.1.v20211116-1657\jre\bin\VCRUNTIME140.dll
0x00007ffa02fb0000 - 0x00007ffa02fc8000 	C:\Users\Himanth Reddy\Desktop\java\eclipse\plugins\org.eclipse.justj.openjdk.hotspot.jre.full.win32.x86_64_17.0.1.v20211116-1657\jre\bin\jli.dll
0x00007ffa08b70000 - 0x00007ffa08d10000 	C:\WINDOWS\System32\USER32.dll
0x00007ffa07ec0000 - 0x00007ffa07ee2000 	C:\WINDOWS\System32\win32u.dll
0x00007ff9efbd0000 - 0x00007ff9efe6a000 	C:\WINDOWS\WinSxS\amd64_microsoft.windows.common-controls_6595b64144ccf1df_6.0.19041.1110_none_60b5254171f9507e\COMCTL32.dll
0x00007ffa08f40000 - 0x00007ffa08f6a000 	C:\WINDOWS\System32\GDI32.dll
0x00007ffa07db0000 - 0x00007ffa07ebb000 	C:\WINDOWS\System32\gdi32full.dll
0x00007ffa098a0000 - 0x00007ffa0993e000 	C:\WINDOWS\System32\msvcrt.dll
0x00007ffa07b20000 - 0x00007ffa07bbd000 	C:\WINDOWS\System32\msvcp_win.dll
0x00007ffa09ac0000 - 0x00007ffa09af0000 	C:\WINDOWS\System32\IMM32.DLL
0x00007ffa03120000 - 0x00007ffa0312c000 	C:\Users\Himanth Reddy\Desktop\java\eclipse\plugins\org.eclipse.justj.openjdk.hotspot.jre.full.win32.x86_64_17.0.1.v20211116-1657\jre\bin\vcruntime140_1.dll
0x00007ff9f2900000 - 0x00007ff9f2991000 	C:\Users\Himanth Reddy\Desktop\java\eclipse\plugins\org.eclipse.justj.openjdk.hotspot.jre.full.win32.x86_64_17.0.1.v20211116-1657\jre\bin\msvcp140.dll
0x00007ff9c1f70000 - 0x00007ff9c2bb6000 	C:\Users\Himanth Reddy\Desktop\java\eclipse\plugins\org.eclipse.justj.openjdk.hotspot.jre.full.win32.x86_64_17.0.1.v20211116-1657\jre\bin\server\jvm.dll
0x00007ffa08f70000 - 0x00007ffa0901e000 	C:\WINDOWS\System32\ADVAPI32.dll
0x00007ffa08d10000 - 0x00007ffa08dac000 	C:\WINDOWS\System32\sechost.dll
0x00007ffa09020000 - 0x00007ffa09145000 	C:\WINDOWS\System32\RPCRT4.dll
0x00007ffa09810000 - 0x00007ffa09818000 	C:\WINDOWS\System32\PSAPI.DLL
0x00007ffa02fa0000 - 0x00007ffa02fa9000 	C:\WINDOWS\SYSTEM32\WSOCK32.dll
0x00007ffa08db0000 - 0x00007ffa08e1b000 	C:\WINDOWS\System32\WS2_32.dll
0x00007ff9eac60000 - 0x00007ff9eac87000 	C:\WINDOWS\SYSTEM32\WINMM.dll
0x00007ff9fe8c0000 - 0x00007ff9fe8ca000 	C:\WINDOWS\SYSTEM32\VERSION.dll
0x00007ffa05e60000 - 0x00007ffa05e72000 	C:\WINDOWS\SYSTEM32\kernel.appcore.dll
0x00007ffa01090000 - 0x00007ffa0109a000 	C:\Users\Himanth Reddy\Desktop\java\eclipse\plugins\org.eclipse.justj.openjdk.hotspot.jre.full.win32.x86_64_17.0.1.v20211116-1657\jre\bin\jimage.dll
0x00007ffa05280000 - 0x00007ffa05464000 	C:\WINDOWS\SYSTEM32\DBGHELP.DLL
0x00007ff9e5800000 - 0x00007ff9e582c000 	C:\WINDOWS\SYSTEM32\dbgcore.DLL
0x00007ffa07880000 - 0x00007ffa07902000 	C:\WINDOWS\System32\bcryptPrimitives.dll
0x00007ff9f2ce0000 - 0x00007ff9f2d05000 	C:\Users\Himanth Reddy\Desktop\java\eclipse\plugins\org.eclipse.justj.openjdk.hotspot.jre.full.win32.x86_64_17.0.1.v20211116-1657\jre\bin\java.dll
0x00007ffa00ff0000 - 0x00007ffa01008000 	C:\Users\Himanth Reddy\Desktop\java\eclipse\plugins\org.eclipse.justj.openjdk.hotspot.jre.full.win32.x86_64_17.0.1.v20211116-1657\jre\bin\zip.dll
0x00007ffa07f80000 - 0x00007ffa086c4000 	C:\WINDOWS\System32\SHELL32.dll
0x00007ffa056b0000 - 0x00007ffa05e44000 	C:\WINDOWS\SYSTEM32\windows.storage.dll
0x00007ffa09af0000 - 0x00007ffa09e44000 	C:\WINDOWS\System32\combase.dll
0x00007ffa07020000 - 0x00007ffa0704c000 	C:\WINDOWS\SYSTEM32\Wldp.dll
0x00007ffa08ab0000 - 0x00007ffa08b5d000 	C:\WINDOWS\System32\SHCORE.dll
0x00007ffa09150000 - 0x00007ffa091a5000 	C:\WINDOWS\System32\shlwapi.dll
0x00007ffa074f0000 - 0x00007ffa0750f000 	C:\WINDOWS\SYSTEM32\profapi.dll
0x00007ff9f5940000 - 0x00007ff9f5959000 	C:\Users\Himanth Reddy\Desktop\java\eclipse\plugins\org.eclipse.justj.openjdk.hotspot.jre.full.win32.x86_64_17.0.1.v20211116-1657\jre\bin\net.dll
0x00007ff9f4930000 - 0x00007ff9f4a3a000 	C:\WINDOWS\SYSTEM32\WINHTTP.dll
0x00007ffa06d80000 - 0x00007ffa06dea000 	C:\WINDOWS\system32\mswsock.dll
0x00007ff9f33f0000 - 0x00007ff9f3405000 	C:\Users\Himanth Reddy\Desktop\java\eclipse\plugins\org.eclipse.justj.openjdk.hotspot.jre.full.win32.x86_64_17.0.1.v20211116-1657\jre\bin\nio.dll

dbghelp: loaded successfully - version: 4.0.5 - missing functions: none
symbol engine: initialized successfully - sym options: 0x614 - pdb path: .;C:\Users\Himanth Reddy\Desktop\java\eclipse\plugins\org.eclipse.justj.openjdk.hotspot.jre.full.win32.x86_64_17.0.1.v20211116-1657\jre\bin;C:\WINDOWS\SYSTEM32;C:\WINDOWS\WinSxS\amd64_microsoft.windows.common-controls_6595b64144ccf1df_6.0.19041.1110_none_60b5254171f9507e;C:\Users\Himanth Reddy\Desktop\java\eclipse\plugins\org.eclipse.justj.openjdk.hotspot.jre.full.win32.x86_64_17.0.1.v20211116-1657\jre\bin\server

VM Arguments:
jvm_args: -ea -Dfile.encoding=Cp1252 -XX:+ShowCodeDetailsInExceptionMessages 
java_command: org.testng.remote.RemoteTestNG -serport 50810 -protocol json -d E:\eclipse workspace\java_1\freetrialproject\test-output C:\Users\HIMANT~1\AppData\Local\Temp\testng-eclipse-1035568396\testng-customsuite.xml
java_class_path (initial): C:\Users\Himanth Reddy\Desktop\java\eclipse\configuration\org.eclipse.osgi\954\0\.cp\lib\testng-remote.jar;E:\eclipse workspace\java_1\freetrialproject\target\test-classes;E:\eclipse workspace\java_1\freetrialproject\target\classes;C:\Users\Himanth Reddy\Desktop\java\eclipse\plugins\org.testng_7.4.0.r202105021533.jar;C:\Users\Himanth Reddy\Desktop\java\eclipse\plugins\com.beust.jcommander_1.78.0.jar;C:\Users\Himanth Reddy\Desktop\java\eclipse\plugins\org.apache-extras.beanshell.bsh_2.0.0.b6.jar;C:\Users\Himanth Reddy\Desktop\java\eclipse\plugins\org.yaml.snakeyaml_1.21.0.jar;C:\Users\Himanth Reddy\Desktop\java\eclipse\plugins\org.webjars.jquery_3.5.1.jar;C:\Users\Himanth Reddy\.m2\repository\org\apache\poi\poi-ooxml\5.2.2\poi-ooxml-5.2.2.jar;C:\Users\Himanth Reddy\.m2\repository\org\apache\poi\poi\5.2.2\poi-5.2.2.jar;C:\Users\Himanth Reddy\.m2\repository\commons-codec\commons-codec\1.15\commons-codec-1.15.jar;C:\Users\Himanth Reddy\.m2\repository\org\apache\commons\commons-math3\3.6.1\commons-math3-3.6.1.jar;C:\Users\Himanth Reddy\.m2\repository\com\zaxxer\SparseBitSet\1.2\SparseBitSet-1.2.jar;C:\Users\Himanth Reddy\.m2\repository\org\apache\poi\poi-ooxml-lite\5.2.2\poi-ooxml-lite-5.2.2.jar;C:\Users\Himanth Reddy\.m2\repository\org\apache\xmlbeans\xmlbeans\5.0.3\xmlbeans-5.0.3.jar;C:\Users\Himanth Reddy\.m2\repository\org\apache\commons\commons-compress\1.21\commons-compress-1.21.jar;C:\Users\Himanth Reddy\.m2\repository\commons-io\commons-io\2.11.0\commons-io-2.11.0.jar;C:\Users\Himanth Reddy\.m2\repository\com\github\virtuald\curvesapi\1.07\curvesapi-1.07.jar;C:\Users\Himanth Reddy\.m2\repository\org\apache\logging\log4j\log4j-api\2.17.2\log4j-api-2.17.2.jar;C:\Users\Himanth Reddy\.m2\repository\org\apache\commons\commons-collections4\4.4\commons-collections4-4.4.jar;C:\Users\Himanth Reddy\.m2\repository\org\seleniumhq\selenium\selenium-java\3.141.59\selenium-java-3.141.59.jar;C:\Users\Himanth Reddy\.m2\repository\org\seleniumhq\seleni
Launcher Type: SUN_STANDARD

[Global flags]
     intx CICompilerCount                          = 3                                         {product} {ergonomic}
     uint ConcGCThreads                            = 1                                         {product} {ergonomic}
     uint G1ConcRefinementThreads                  = 4                                         {product} {ergonomic}
   size_t G1HeapRegionSize                         = 1048576                                   {product} {ergonomic}
    uintx GCDrainStackTargetSize                   = 64                                        {product} {ergonomic}
   size_t InitialHeapSize                          = 67108864                                  {product} {ergonomic}
   size_t MarkStackSize                            = 4194304                                   {product} {ergonomic}
   size_t MaxHeapSize                              = 1050673152                                {product} {ergonomic}
   size_t MaxNewSize                               = 630194176                                 {product} {ergonomic}
   size_t MinHeapDeltaBytes                        = 1048576                                   {product} {ergonomic}
   size_t MinHeapSize                              = 8388608                                   {product} {ergonomic}
    uintx NonNMethodCodeHeapSize                   = 5832780                                {pd product} {ergonomic}
    uintx NonProfiledCodeHeapSize                  = 122912730                              {pd product} {ergonomic}
    uintx ProfiledCodeHeapSize                     = 122912730                              {pd product} {ergonomic}
    uintx ReservedCodeCacheSize                    = 251658240                              {pd product} {ergonomic}
     bool SegmentedCodeCache                       = true                                      {product} {ergonomic}
     bool ShowCodeDetailsInExceptionMessages       = true                                   {manageable} {command line}
   size_t SoftMaxHeapSize                          = 1050673152                             {manageable} {ergonomic}
     bool UseCompressedClassPointers               = true                           {product lp64_product} {ergonomic}
     bool UseCompressedOops                        = true                           {product lp64_product} {ergonomic}
     bool UseG1GC                                  = true                                      {product} {ergonomic}
     bool UseLargePagesIndividualAllocation        = false                                  {pd product} {ergonomic}

Logging:
Log output configuration:
 #0: stdout all=warning uptime,level,tags
 #1: stderr all=off uptime,level,tags

Environment Variables:
JAVA_HOME=C:\Program Files\Java\jdk1.8.0_311
PATH=C:/Users/Himanth Reddy/Desktop/java/eclipse//plugins/org.eclipse.justj.openjdk.hotspot.jre.full.win32.x86_64_17.0.1.v20211116-1657/jre/bin/server;C:/Users/Himanth Reddy/Desktop/java/eclipse//plugins/org.eclipse.justj.openjdk.hotspot.jre.full.win32.x86_64_17.0.1.v20211116-1657/jre/bin;C:\Program Files\Common Files\Oracle\Java\javapath;C:\Program Files (x86)\Common Files\Oracle\Java\javapath;C:\program files\java\jdk-17.0.1\;F:\maven\apache-maven-3.8.5\bin;C:\Program Files\Java\jdk1.8.0_311\bin;C:\Program Files\Java\jdk-18.0.1\bin;C:\Program Files\Git\cmd;C:\Program Files\Java\jdk1.8.0_311\BIN;C:\Program Files\MySQL\MySQL Shell 8.0\bin\;C:\Program Files\Java\jdk-11.0.1\bin; ;C:\Users\Himanth Reddy\Desktop\java\eclipse;
USERNAME=Himanth Reddy
OS=Windows_NT
PROCESSOR_IDENTIFIER=Intel64 Family 6 Model 142 Stepping 10, GenuineIntel



---------------  S Y S T E M  ---------------

OS:
 Windows 10 , 64 bit Build 19041 (10.0.19041.1645)
OS uptime: 13 days 4:09 hours

CPU: total 4 (initial active 4) (2 cores per cpu, 2 threads per core) family 6 model 142 stepping 10 microcode 0xea, cx8, cmov, fxsr, ht, mmx, 3dnowpref, sse, sse2, sse3, ssse3, sse4.1, sse4.2, popcnt, lzcnt, tsc, tscinvbit, avx, avx2, aes, erms, clmul, bmi1, bmi2, adx, fma, vzeroupper, clflush, clflushopt

Memory: 4k page, system-wide physical 4007M (132M free)
TotalPageFile size 16295M (AvailPageFile size 0M)
current process WorkingSet (physical memory assigned to process): 28M, peak: 28M
current process commit charge ("private bytes"): 127M, peak: 127M

vm_info: OpenJDK 64-Bit Server VM (17.0.1+12) for windows-amd64 JRE (17.0.1+12), built on Oct 20 2021 07:42:55 by "" with MS VC++ 16.7 (VS2019)

END.
